<?xml version="1.0" encoding="UTF-8"?>
<!-- Generated by org.testng.reporters.JUnitReportReporter -->
<testsuite hostname="LAPTOP-BDF4F072" failures="0" tests="2" name="com.Myntra.Beauty" time="27.930" errors="0" timestamp="2024-09-18T18:06:15 IST" skipped="0">
  <testcase classname="com.Myntra.Beauty" name="applicationLaunch" time="5.950"/>
  <testcase classname="com.Myntra.Beauty" name="beauty" time="21.980"/>
</testsuite> <!-- com.Myntra.Beauty -->
